
2021-11-21 19:12:17.2106|INFO|Connection_RequestReceived|Argument: GetNewContextMenuEntries
2021-11-21 19:12:17.3876|INFO|Connection_RequestReceived|Argument: DetectCloudDrives
2021-11-21 19:12:18.2966|INFO|Connection_RequestReceived|Argument: NetworkDriveOperation
2021-11-21 19:12:18.3036|INFO|Connection_RequestReceived|Argument: ShellLibrary
2021-11-21 19:12:18.3166|INFO|Connection_RequestReceived|Argument: GetSelectedIconsFromDLL
2021-11-21 19:12:18.3636|INFO|Connection_RequestReceived|Argument: GetIconWithoutOverlay
2021-11-21 19:12:18.3956|INFO|Connection_RequestReceived|Argument: GetSelectedIconsFromDLL
2021-11-21 19:12:18.3986|INFO|Connection_RequestReceived|Argument: GetIconWithoutOverlay
2021-11-21 19:12:18.5456|INFO|Connection_RequestReceived|Argument: DetectQuickLook
2021-11-21 19:12:19.0426|INFO|CheckQuickLookAvailability|QuickLook detected: False
2021-11-21 19:16:05.8078|INFO|Connection_RequestReceived|Argument: GetFileAssociation
2021-11-21 19:16:06.4538|INFO|Connection_RequestReceived|Argument: GetIconOverlay
2021-11-21 19:16:06.5948|INFO|Connection_RequestReceived|Argument: GetIconOverlay
2021-11-21 19:16:06.6038|INFO|Connection_RequestReceived|Argument: GetIconOverlay
2021-11-21 19:16:06.6128|INFO|Connection_RequestReceived|Argument: GetIconOverlay
2021-11-21 19:16:06.6218|INFO|Connection_RequestReceived|Argument: GetIconOverlay
2021-11-21 19:16:06.6318|INFO|Connection_RequestReceived|Argument: GetIconOverlay
2021-11-21 19:16:06.6418|INFO|Connection_RequestReceived|Argument: GetIconOverlay
2021-11-21 19:16:06.6488|INFO|Connection_RequestReceived|Argument: GetIconOverlay
2021-11-21 19:16:06.6568|INFO|Connection_RequestReceived|Argument: GetIconOverlay
2021-11-21 19:16:06.6628|INFO|Connection_RequestReceived|Argument: GetIconOverlay
2021-11-21 19:16:06.6748|INFO|Connection_RequestReceived|Argument: GetIconOverlay
2021-11-21 19:16:06.6828|INFO|Connection_RequestReceived|Argument: GetIconOverlay
2021-11-21 19:16:06.6918|INFO|Connection_RequestReceived|Argument: GetIconOverlay
2021-11-21 19:16:06.6998|INFO|Connection_RequestReceived|Argument: GetIconOverlay
2021-11-21 19:16:06.7078|INFO|Connection_RequestReceived|Argument: GetIconOverlay
2021-11-21 19:16:06.7158|INFO|Connection_RequestReceived|Argument: GetIconOverlay
2021-11-21 19:16:06.7228|INFO|Connection_RequestReceived|Argument: GetIconOverlay
2021-11-21 19:16:06.7298|INFO|Connection_RequestReceived|Argument: GetIconOverlay
2021-11-21 19:16:06.7378|INFO|Connection_RequestReceived|Argument: GetIconOverlay
2021-11-21 19:16:06.7448|INFO|Connection_RequestReceived|Argument: GetIconOverlay
2021-11-21 19:16:06.7518|INFO|Connection_RequestReceived|Argument: GetIconOverlay
2021-11-21 19:16:06.7598|INFO|Connection_RequestReceived|Argument: GetIconOverlay
2021-11-21 19:16:06.7658|INFO|Connection_RequestReceived|Argument: GetIconOverlay
2021-11-21 19:16:06.7738|INFO|Connection_RequestReceived|Argument: GetIconOverlay
2021-11-21 19:16:06.7808|INFO|Connection_RequestReceived|Argument: GetIconOverlay
2021-11-21 19:16:07.0458|INFO|Connection_RequestReceived|Argument: GetIconOverlay
2021-11-21 19:16:07.0528|INFO|Connection_RequestReceived|Argument: GetIconOverlay
2021-11-21 19:16:07.4488|INFO|Connection_RequestReceived|Argument: GetIconOverlay
2021-11-21 19:16:07.4578|INFO|Connection_RequestReceived|Argument: GetIconOverlay
2021-11-21 19:16:07.5658|INFO|Connection_RequestReceived|Argument: GetIconOverlay
2021-11-21 19:16:07.5738|INFO|Connection_RequestReceived|Argument: GetIconOverlay
2021-11-21 19:16:07.8028|INFO|Connection_RequestReceived|Argument: GetIconOverlay
2021-11-21 19:16:07.8138|INFO|Connection_RequestReceived|Argument: GetIconOverlay
2021-11-21 19:16:07.8248|INFO|Connection_RequestReceived|Argument: GetIconOverlay
2021-11-21 19:16:07.8998|INFO|Connection_RequestReceived|Argument: GetIconOverlay
2021-11-21 19:16:07.9098|INFO|Connection_RequestReceived|Argument: GetIconOverlay
2021-11-21 19:16:07.9188|INFO|Connection_RequestReceived|Argument: GetIconOverlay
2021-11-21 19:16:07.9258|INFO|Connection_RequestReceived|Argument: GetIconOverlay
2021-11-21 19:16:07.9328|INFO|Connection_RequestReceived|Argument: GetIconOverlay
2021-11-21 19:16:07.9408|INFO|Connection_RequestReceived|Argument: GetIconOverlay
2021-11-21 19:16:07.9498|INFO|Connection_RequestReceived|Argument: GetIconOverlay
2021-11-21 19:16:07.9648|INFO|Connection_RequestReceived|Argument: GetIconOverlay
2021-11-21 19:16:07.9718|INFO|Connection_RequestReceived|Argument: GetIconOverlay
2021-11-21 19:16:07.9788|INFO|Connection_RequestReceived|Argument: GetIconOverlay
2021-11-21 19:16:07.9858|INFO|Connection_RequestReceived|Argument: GetIconOverlay
2021-11-21 19:16:08.2528|INFO|Connection_RequestReceived|Argument: GetIconOverlay
2021-11-21 19:16:08.3798|INFO|Connection_RequestReceived|Argument: GetIconOverlay
2021-11-21 19:16:08.3858|INFO|Connection_RequestReceived|Argument: GetIconOverlay
2021-11-21 19:16:08.5008|INFO|Connection_RequestReceived|Argument: GetIconOverlay
2021-11-21 19:16:08.6748|INFO|Connection_RequestReceived|Argument: GetIconOverlay
2021-11-21 19:16:08.7098|INFO|Connection_RequestReceived|Argument: GetIconOverlay
2021-11-21 19:16:08.8448|INFO|Connection_RequestReceived|Argument: GetIconOverlay
2021-11-21 19:16:08.8538|INFO|Connection_RequestReceived|Argument: GetIconOverlay
2021-11-21 19:16:08.9708|INFO|Connection_RequestReceived|Argument: GetIconOverlay
2021-11-21 19:16:08.9778|INFO|Connection_RequestReceived|Argument: GetIconOverlay
2021-11-21 19:16:09.0738|INFO|Connection_RequestReceived|Argument: GetIconOverlay
2021-11-21 19:16:09.0958|INFO|Connection_RequestReceived|Argument: GetIconOverlay
2021-11-21 19:16:09.1068|INFO|Connection_RequestReceived|Argument: GetIconOverlay
2021-11-21 19:16:09.1928|INFO|Connection_RequestReceived|Argument: GetIconOverlay
2021-11-21 19:16:09.2768|INFO|Connection_RequestReceived|Argument: GetIconOverlay
2021-11-21 19:16:09.2858|INFO|Connection_RequestReceived|Argument: GetIconOverlay
2021-11-21 19:16:09.2968|INFO|Connection_RequestReceived|Argument: GetIconOverlay
2021-11-21 19:16:09.3038|INFO|Connection_RequestReceived|Argument: GetIconOverlay
2021-11-21 19:16:09.3118|INFO|Connection_RequestReceived|Argument: GetIconOverlay
2021-11-21 19:16:09.3268|INFO|Connection_RequestReceived|Argument: GetIconOverlay
2021-11-21 19:16:09.3418|INFO|Connection_RequestReceived|Argument: GetIconOverlay
2021-11-21 19:16:09.3548|INFO|Connection_RequestReceived|Argument: GetIconOverlay
2021-11-21 19:16:09.6528|INFO|Connection_RequestReceived|Argument: GetIconOverlay
2021-11-21 19:16:09.6588|INFO|Connection_RequestReceived|Argument: GetIconOverlay
2021-11-21 19:16:09.6668|INFO|Connection_RequestReceived|Argument: GetIconOverlay
2021-11-21 19:16:09.6738|INFO|Connection_RequestReceived|Argument: GetIconOverlay
2021-11-21 19:16:09.7908|INFO|Connection_RequestReceived|Argument: GetIconOverlay
2021-11-21 19:16:09.8048|INFO|Connection_RequestReceived|Argument: GetIconOverlay
2021-11-21 19:16:09.8168|INFO|Connection_RequestReceived|Argument: GetIconOverlay
2021-11-21 19:16:09.8638|INFO|Connection_RequestReceived|Argument: GetIconOverlay
2021-11-21 19:16:09.8738|INFO|Connection_RequestReceived|Argument: GetIconOverlay
2021-11-21 19:16:10.0438|INFO|Connection_RequestReceived|Argument: GetIconOverlay
2021-11-21 19:16:10.0528|INFO|Connection_RequestReceived|Argument: GetIconOverlay
2021-11-21 19:16:10.0668|INFO|Connection_RequestReceived|Argument: GetIconOverlay
2021-11-21 19:16:10.0778|INFO|Connection_RequestReceived|Argument: GetIconOverlay
2021-11-21 19:16:10.0868|INFO|Connection_RequestReceived|Argument: GetIconOverlay
2021-11-21 19:16:11.5298|INFO|Connection_RequestReceived|Argument: GetIconOverlay
2021-11-21 19:16:11.5378|INFO|Connection_RequestReceived|Argument: GetIconOverlay
2021-11-21 19:16:13.3718|INFO|Connection_RequestReceived|Argument: GetIconOverlay
2021-11-21 19:16:13.3798|INFO|Connection_RequestReceived|Argument: GetIconOverlay
2021-11-21 19:16:13.3878|INFO|Connection_RequestReceived|Argument: GetIconOverlay
2021-11-21 19:16:13.4008|INFO|Connection_RequestReceived|Argument: GetIconOverlay
2021-11-21 19:16:13.4208|INFO|Connection_RequestReceived|Argument: GetIconOverlay
2021-11-21 19:16:13.4298|INFO|Connection_RequestReceived|Argument: GetIconOverlay
2021-11-21 19:16:13.4388|INFO|Connection_RequestReceived|Argument: GetIconOverlay
2021-11-21 19:16:13.4458|INFO|Connection_RequestReceived|Argument: GetIconOverlay
2021-11-21 19:16:13.4528|INFO|Connection_RequestReceived|Argument: GetIconOverlay
2021-11-21 19:16:13.4598|INFO|Connection_RequestReceived|Argument: GetIconOverlay
2021-11-21 19:16:13.4658|INFO|Connection_RequestReceived|Argument: GetIconOverlay
2021-11-21 19:16:13.4718|INFO|Connection_RequestReceived|Argument: GetIconOverlay
2021-11-21 19:16:13.4788|INFO|Connection_RequestReceived|Argument: GetIconOverlay
2021-11-21 19:16:13.4848|INFO|Connection_RequestReceived|Argument: GetIconOverlay
2021-11-21 19:16:13.4948|INFO|Connection_RequestReceived|Argument: GetIconOverlay
2021-11-21 19:16:13.5048|INFO|Connection_RequestReceived|Argument: GetIconOverlay
2021-11-21 19:16:13.5138|INFO|Connection_RequestReceived|Argument: GetIconOverlay
2021-11-21 19:16:13.5228|INFO|Connection_RequestReceived|Argument: GetIconOverlay
2021-11-21 19:16:13.5298|INFO|Connection_RequestReceived|Argument: GetIconOverlay
2021-11-21 19:16:13.5398|INFO|Connection_RequestReceived|Argument: GetIconOverlay
2021-11-21 19:16:13.5478|INFO|Connection_RequestReceived|Argument: GetIconOverlay
2021-11-21 19:16:13.5558|INFO|Connection_RequestReceived|Argument: GetIconOverlay
2021-11-21 19:16:13.5648|INFO|Connection_RequestReceived|Argument: GetIconOverlay
2021-11-21 19:16:13.5738|INFO|Connection_RequestReceived|Argument: GetIconOverlay
2021-11-21 19:16:13.5818|INFO|Connection_RequestReceived|Argument: GetIconOverlay
2021-11-21 19:16:13.5888|INFO|Connection_RequestReceived|Argument: GetIconOverlay
2021-11-21 19:16:13.5978|INFO|Connection_RequestReceived|Argument: GetIconOverlay
2021-11-21 19:16:13.6058|INFO|Connection_RequestReceived|Argument: GetIconOverlay
2021-11-21 19:16:13.6138|INFO|Connection_RequestReceived|Argument: GetIconOverlay
2021-11-21 19:16:13.6218|INFO|Connection_RequestReceived|Argument: GetIconOverlay
2021-11-21 19:16:13.6288|INFO|Connection_RequestReceived|Argument: GetIconOverlay
2021-11-21 19:16:13.6368|INFO|Connection_RequestReceived|Argument: GetIconOverlay
2021-11-21 19:16:13.7658|INFO|Connection_RequestReceived|Argument: GetIconOverlay
2021-11-21 19:16:13.7738|INFO|Connection_RequestReceived|Argument: GetIconOverlay
2021-11-21 19:16:13.7838|INFO|Connection_RequestReceived|Argument: GetIconOverlay
2021-11-21 19:16:13.8138|INFO|Connection_RequestReceived|Argument: GetIconOverlay
2021-11-21 19:16:14.0288|INFO|Connection_RequestReceived|Argument: GetIconOverlay
2021-11-21 19:16:14.0348|INFO|Connection_RequestReceived|Argument: GetIconOverlay
2021-11-21 19:16:14.0538|INFO|Connection_RequestReceived|Argument: GetIconOverlay
2021-11-21 19:16:14.1578|INFO|Connection_RequestReceived|Argument: GetIconOverlay
2021-11-21 19:16:14.1798|INFO|Connection_RequestReceived|Argument: GetIconOverlay
2021-11-21 19:16:14.1858|INFO|Connection_RequestReceived|Argument: GetIconOverlay
2021-11-21 19:16:14.4318|INFO|Connection_RequestReceived|Argument: GetIconOverlay
2021-11-21 19:16:14.4368|INFO|Connection_RequestReceived|Argument: GetIconOverlay
2021-11-21 19:16:14.4508|INFO|Connection_RequestReceived|Argument: GetIconOverlay
2021-11-21 19:16:14.5418|INFO|Connection_RequestReceived|Argument: GetIconOverlay
2021-11-21 19:16:14.5518|INFO|Connection_RequestReceived|Argument: GetIconOverlay
2021-11-21 19:16:14.5598|INFO|Connection_RequestReceived|Argument: GetIconOverlay
2021-11-21 19:16:14.5668|INFO|Connection_RequestReceived|Argument: GetIconOverlay
2021-11-21 19:16:14.5748|INFO|Connection_RequestReceived|Argument: GetIconOverlay
2021-11-21 19:16:14.5828|INFO|Connection_RequestReceived|Argument: GetIconOverlay
2021-11-21 19:16:14.5888|INFO|Connection_RequestReceived|Argument: GetIconOverlay
2021-11-21 19:16:14.5968|INFO|Connection_RequestReceived|Argument: GetIconOverlay
2021-11-21 19:16:14.6058|INFO|Connection_RequestReceived|Argument: GetIconOverlay
2021-11-21 19:16:14.6138|INFO|Connection_RequestReceived|Argument: GetIconOverlay
2021-11-21 19:16:14.6208|INFO|Connection_RequestReceived|Argument: GetIconOverlay
2021-11-21 19:16:14.6278|INFO|Connection_RequestReceived|Argument: GetIconOverlay
2021-11-21 19:16:14.6358|INFO|Connection_RequestReceived|Argument: GetIconOverlay
2021-11-21 19:16:14.7668|INFO|Connection_RequestReceived|Argument: GetIconOverlay
2021-11-21 19:16:14.7758|INFO|Connection_RequestReceived|Argument: GetIconOverlay
2021-11-21 19:16:14.7848|INFO|Connection_RequestReceived|Argument: GetIconOverlay
2021-11-21 19:16:14.7918|INFO|Connection_RequestReceived|Argument: GetIconOverlay
2021-11-21 19:16:14.7998|INFO|Connection_RequestReceived|Argument: GetIconOverlay
2021-11-21 19:16:14.8108|INFO|Connection_RequestReceived|Argument: GetIconOverlay
2021-11-21 19:16:14.8188|INFO|Connection_RequestReceived|Argument: GetIconOverlay
2021-11-21 19:16:14.8268|INFO|Connection_RequestReceived|Argument: GetIconOverlay
2021-11-21 19:16:14.8338|INFO|Connection_RequestReceived|Argument: GetIconOverlay
2021-11-21 19:16:14.9278|INFO|Connection_RequestReceived|Argument: GetIconOverlay
2021-11-21 19:16:14.9348|INFO|Connection_RequestReceived|Argument: GetIconOverlay
2021-11-21 19:16:14.9418|INFO|Connection_RequestReceived|Argument: GetIconOverlay
2021-11-21 19:16:14.9498|INFO|Connection_RequestReceived|Argument: GetIconOverlay
2021-11-21 19:16:15.0878|INFO|Connection_RequestReceived|Argument: GetIconOverlay
2021-11-21 19:16:15.0958|INFO|Connection_RequestReceived|Argument: GetIconOverlay
2021-11-21 19:16:15.1078|INFO|Connection_RequestReceived|Argument: GetIconOverlay
2021-11-21 19:16:15.1168|INFO|Connection_RequestReceived|Argument: GetIconOverlay
2021-11-21 19:16:15.1248|INFO|Connection_RequestReceived|Argument: GetIconOverlay
2021-11-21 19:16:15.1328|INFO|Connection_RequestReceived|Argument: GetIconOverlay
2021-11-21 19:16:15.1418|INFO|Connection_RequestReceived|Argument: GetIconOverlay
2021-11-21 19:16:15.2348|INFO|Connection_RequestReceived|Argument: GetIconOverlay
2021-11-21 19:16:15.2428|INFO|Connection_RequestReceived|Argument: GetIconOverlay
2021-11-21 19:16:15.2498|INFO|Connection_RequestReceived|Argument: GetIconOverlay
2021-11-21 19:17:45.5088|INFO|Connection_RequestReceived|Argument: GetIconOverlay
2021-11-21 19:20:46.1601|INFO|Connection_RequestReceived|Argument: GetIconOverlay
2021-11-21 19:21:47.6145|INFO|Connection_RequestReceived|Argument: Terminate
2021-11-21 19:25:54.3962|INFO|Connection_RequestReceived|Argument: GetIconOverlay
2021-11-21 19:45:28.9896|INFO|Connection_RequestReceived|Argument: Terminate
2021-11-21 20:15:41.8534|INFO|Connection_RequestReceived|Argument: Terminate
2021-11-21 20:17:38.9175|INFO|Connection_RequestReceived|Argument: GetNewContextMenuEntries
2021-11-21 20:17:39.0457|INFO|Connection_RequestReceived|Argument: DetectCloudDrives
2021-11-21 20:17:39.6999|INFO|Connection_RequestReceived|Argument: NetworkDriveOperation
2021-11-21 20:17:39.7089|INFO|Connection_RequestReceived|Argument: ShellLibrary
2021-11-21 20:17:39.7169|INFO|Connection_RequestReceived|Argument: GetIconWithoutOverlay
2021-11-21 20:17:39.7608|INFO|Connection_RequestReceived|Argument: GetSelectedIconsFromDLL
2021-11-21 20:17:39.7928|INFO|Connection_RequestReceived|Argument: GetIconWithoutOverlay
2021-11-21 20:17:39.8245|INFO|Connection_RequestReceived|Argument: GetSelectedIconsFromDLL
2021-11-21 20:17:39.8724|INFO|Connection_RequestReceived|Argument: GetIconWithoutOverlay
2021-11-21 20:17:40.0676|INFO|Connection_RequestReceived|Argument: DetectQuickLook
2021-11-21 20:17:40.5718|INFO|CheckQuickLookAvailability|QuickLook detected: False
2021-11-21 20:17:51.1396|INFO|Connection_RequestReceived|Argument: GetFileAssociation
2021-11-21 20:17:51.7218|INFO|Connection_RequestReceived|Argument: GetIconOverlay
2021-11-21 20:17:51.9170|INFO|Connection_RequestReceived|Argument: GetIconOverlay
2021-11-21 20:17:51.9170|INFO|Connection_RequestReceived|Argument: GetIconOverlay
2021-11-21 20:17:51.9327|INFO|Connection_RequestReceived|Argument: GetIconOverlay
2021-11-21 20:17:51.9327|INFO|Connection_RequestReceived|Argument: GetIconOverlay
2021-11-21 20:17:51.9483|INFO|Connection_RequestReceived|Argument: GetIconOverlay
2021-11-21 20:17:51.9483|INFO|Connection_RequestReceived|Argument: GetIconOverlay
2021-11-21 20:17:51.9483|INFO|Connection_RequestReceived|Argument: GetIconOverlay
2021-11-21 20:17:51.9639|INFO|Connection_RequestReceived|Argument: GetIconOverlay
2021-11-21 20:17:51.9639|INFO|Connection_RequestReceived|Argument: GetIconOverlay
2021-11-21 20:17:51.9795|INFO|Connection_RequestReceived|Argument: GetIconOverlay
2021-11-21 20:17:51.9795|INFO|Connection_RequestReceived|Argument: GetIconOverlay
2021-11-21 20:17:51.9952|INFO|Connection_RequestReceived|Argument: GetIconOverlay
2021-11-21 20:17:51.9952|INFO|Connection_RequestReceived|Argument: GetIconOverlay
2021-11-21 20:17:52.0143|INFO|Connection_RequestReceived|Argument: GetIconOverlay
2021-11-21 20:17:52.0143|INFO|Connection_RequestReceived|Argument: GetIconOverlay
2021-11-21 20:17:52.0296|INFO|Connection_RequestReceived|Argument: GetIconOverlay
2021-11-21 20:17:52.0341|INFO|Connection_RequestReceived|Argument: GetIconOverlay
2021-11-21 20:17:52.0426|INFO|Connection_RequestReceived|Argument: GetIconOverlay
2021-11-21 20:17:52.0426|INFO|Connection_RequestReceived|Argument: GetIconOverlay
2021-11-21 20:17:52.0426|INFO|Connection_RequestReceived|Argument: GetIconOverlay
2021-11-21 20:17:52.0583|INFO|Connection_RequestReceived|Argument: GetIconOverlay
2021-11-21 20:17:52.0583|INFO|Connection_RequestReceived|Argument: GetIconOverlay
2021-11-21 20:17:52.0583|INFO|Connection_RequestReceived|Argument: GetIconOverlay
2021-11-21 20:17:52.0739|INFO|Connection_RequestReceived|Argument: GetIconOverlay
2021-11-21 20:17:52.0739|INFO|Connection_RequestReceived|Argument: GetIconOverlay
2021-11-21 20:17:52.0739|INFO|Connection_RequestReceived|Argument: GetIconOverlay
2021-11-21 20:17:52.2302|INFO|Connection_RequestReceived|Argument: GetIconOverlay
2021-11-21 20:17:52.2302|INFO|Connection_RequestReceived|Argument: GetIconOverlay
2021-11-21 20:17:52.3551|INFO|Connection_RequestReceived|Argument: GetIconOverlay
2021-11-21 20:17:52.3708|INFO|Connection_RequestReceived|Argument: GetIconOverlay
2021-11-21 20:17:52.4962|INFO|Connection_RequestReceived|Argument: GetIconOverlay
2021-11-21 20:17:52.4962|INFO|Connection_RequestReceived|Argument: GetIconOverlay
2021-11-21 20:17:52.4962|INFO|Connection_RequestReceived|Argument: GetIconOverlay
2021-11-21 20:17:52.5274|INFO|Connection_RequestReceived|Argument: GetIconOverlay
2021-11-21 20:17:52.5274|INFO|Connection_RequestReceived|Argument: GetIconOverlay
2021-11-21 20:17:52.8712|INFO|Connection_RequestReceived|Argument: GetIconOverlay
2021-11-21 20:17:52.8712|INFO|Connection_RequestReceived|Argument: GetIconOverlay
2021-11-21 20:17:53.0436|INFO|Connection_RequestReceived|Argument: GetIconOverlay
2021-11-21 20:17:53.0436|INFO|Connection_RequestReceived|Argument: GetIconOverlay
2021-11-21 20:17:53.2467|INFO|Connection_RequestReceived|Argument: GetIconOverlay
2021-11-21 20:17:53.2623|INFO|Connection_RequestReceived|Argument: GetIconOverlay
2021-11-21 20:17:53.2780|INFO|Connection_RequestReceived|Argument: GetIconOverlay
2021-11-21 20:17:53.2780|INFO|Connection_RequestReceived|Argument: GetIconOverlay
2021-11-21 20:17:53.2936|INFO|Connection_RequestReceived|Argument: GetIconOverlay
2021-11-21 20:17:53.2936|INFO|Connection_RequestReceived|Argument: GetIconOverlay
2021-11-21 20:17:53.3092|INFO|Connection_RequestReceived|Argument: GetIconOverlay
2021-11-21 20:17:53.3092|INFO|Connection_RequestReceived|Argument: GetIconOverlay
2021-11-21 20:17:53.3092|INFO|Connection_RequestReceived|Argument: GetIconOverlay
2021-11-21 20:17:53.3248|INFO|Connection_RequestReceived|Argument: GetIconOverlay
2021-11-21 20:17:53.3248|INFO|Connection_RequestReceived|Argument: GetIconOverlay
2021-11-21 20:17:53.3248|INFO|Connection_RequestReceived|Argument: GetIconOverlay
2021-11-21 20:17:53.3405|INFO|Connection_RequestReceived|Argument: GetIconOverlay
2021-11-21 20:17:53.3561|INFO|Connection_RequestReceived|Argument: GetIconOverlay
2021-11-21 20:17:53.3561|INFO|Connection_RequestReceived|Argument: GetIconOverlay
2021-11-21 20:17:53.3717|INFO|Connection_RequestReceived|Argument: GetIconOverlay
2021-11-21 20:17:53.3717|INFO|Connection_RequestReceived|Argument: GetIconOverlay
2021-11-21 20:17:53.3873|INFO|Connection_RequestReceived|Argument: GetIconOverlay
2021-11-21 20:17:53.3873|INFO|Connection_RequestReceived|Argument: GetIconOverlay
2021-11-21 20:17:53.4030|INFO|Connection_RequestReceived|Argument: GetIconOverlay
2021-11-21 20:17:53.4030|INFO|Connection_RequestReceived|Argument: GetIconOverlay
2021-11-21 20:17:53.4186|INFO|Connection_RequestReceived|Argument: GetIconOverlay
2021-11-21 20:17:53.4186|INFO|Connection_RequestReceived|Argument: GetIconOverlay
2021-11-21 20:17:53.4186|INFO|Connection_RequestReceived|Argument: GetIconOverlay
2021-11-21 20:18:02.2984|INFO|Connection_RequestReceived|Argument: LaunchApp
2021-11-21 20:18:27.9895|INFO|Connection_RequestReceived|Argument: GetIconWithoutOverlay
2021-11-21 20:18:28.0756|INFO|Connection_RequestReceived|Argument: GetIconOverlay
2021-11-21 20:18:28.0846|INFO|Connection_RequestReceived|Argument: GetIconOverlay
2021-11-21 20:18:29.6481|INFO|Connection_RequestReceived|Argument: GetIconOverlay
2021-11-21 20:18:29.6637|INFO|Connection_RequestReceived|Argument: GetIconOverlay
2021-11-21 20:18:29.6949|INFO|Connection_RequestReceived|Argument: GetIconOverlay
2021-11-21 20:18:29.7027|INFO|Connection_RequestReceived|Argument: GetIconOverlay
2021-11-21 20:18:29.7107|INFO|Connection_RequestReceived|Argument: GetIconOverlay
2021-11-21 20:18:29.7107|INFO|Connection_RequestReceived|Argument: GetIconOverlay
2021-11-21 20:18:29.7264|INFO|Connection_RequestReceived|Argument: GetIconOverlay
2021-11-21 20:18:29.7378|INFO|Connection_RequestReceived|Argument: GetIconOverlay
2021-11-21 20:18:29.7423|INFO|Connection_RequestReceived|Argument: GetIconOverlay
2021-11-21 20:18:29.7423|INFO|Connection_RequestReceived|Argument: GetIconOverlay
2021-11-21 20:18:29.7579|INFO|Connection_RequestReceived|Argument: GetIconOverlay
2021-11-21 20:18:29.7579|INFO|Connection_RequestReceived|Argument: GetIconOverlay
2021-11-21 20:18:29.7739|INFO|Connection_RequestReceived|Argument: GetIconOverlay
2021-11-21 20:18:29.7831|INFO|Connection_RequestReceived|Argument: GetIconOverlay
2021-11-21 20:18:29.7896|INFO|Connection_RequestReceived|Argument: GetIconOverlay
2021-11-21 20:18:29.7896|INFO|Connection_RequestReceived|Argument: GetIconOverlay
2021-11-21 20:18:29.7896|INFO|Connection_RequestReceived|Argument: GetIconOverlay
2021-11-21 20:18:29.8052|INFO|Connection_RequestReceived|Argument: GetIconOverlay
2021-11-21 20:18:29.8052|INFO|Connection_RequestReceived|Argument: GetIconOverlay
2021-11-21 20:18:29.8209|INFO|Connection_RequestReceived|Argument: GetIconOverlay
2021-11-21 20:18:29.8209|INFO|Connection_RequestReceived|Argument: GetIconOverlay
2021-11-21 20:18:29.8365|INFO|Connection_RequestReceived|Argument: GetIconOverlay
2021-11-21 20:18:29.8365|INFO|Connection_RequestReceived|Argument: GetIconOverlay
2021-11-21 20:18:29.8365|INFO|Connection_RequestReceived|Argument: GetIconOverlay
2021-11-21 20:18:29.8521|INFO|Connection_RequestReceived|Argument: GetIconOverlay
2021-11-21 20:18:29.8677|INFO|Connection_RequestReceived|Argument: GetIconOverlay
2021-11-21 20:18:29.8677|INFO|Connection_RequestReceived|Argument: GetIconOverlay
2021-11-21 20:18:30.0240|INFO|Connection_RequestReceived|Argument: GetIconOverlay
2021-11-21 20:18:30.0240|INFO|Connection_RequestReceived|Argument: GetIconOverlay
2021-11-21 20:18:30.0396|INFO|Connection_RequestReceived|Argument: GetIconOverlay
2021-11-21 20:18:30.0557|INFO|Connection_RequestReceived|Argument: GetIconOverlay
2021-11-21 20:18:30.1181|INFO|Connection_RequestReceived|Argument: GetIconOverlay
2021-11-21 20:18:30.1338|INFO|Connection_RequestReceived|Argument: GetIconOverlay
2021-11-21 20:18:30.1338|INFO|Connection_RequestReceived|Argument: GetIconOverlay
2021-11-21 20:18:30.1494|INFO|Connection_RequestReceived|Argument: GetIconOverlay
2021-11-21 20:18:30.1494|INFO|Connection_RequestReceived|Argument: GetIconOverlay
2021-11-21 20:18:30.1806|INFO|Connection_RequestReceived|Argument: GetIconOverlay
2021-11-21 20:18:30.1806|INFO|Connection_RequestReceived|Argument: GetIconOverlay
2021-11-21 20:18:30.2900|INFO|Connection_RequestReceived|Argument: GetIconOverlay
2021-11-21 20:18:30.3056|INFO|Connection_RequestReceived|Argument: GetIconOverlay
2021-11-21 20:18:30.3213|INFO|Connection_RequestReceived|Argument: GetIconOverlay
2021-11-21 20:18:30.3369|INFO|Connection_RequestReceived|Argument: GetIconOverlay
2021-11-21 20:18:30.4931|INFO|Connection_RequestReceived|Argument: GetIconOverlay
2021-11-21 20:18:30.5088|INFO|Connection_RequestReceived|Argument: GetIconOverlay
2021-11-21 20:18:30.5244|INFO|Connection_RequestReceived|Argument: GetIconOverlay
2021-11-21 20:18:30.5244|INFO|Connection_RequestReceived|Argument: GetIconOverlay
2021-11-21 20:18:30.5400|INFO|Connection_RequestReceived|Argument: GetIconOverlay
2021-11-21 20:18:30.5400|INFO|Connection_RequestReceived|Argument: GetIconOverlay
2021-11-21 20:18:30.5556|INFO|Connection_RequestReceived|Argument: GetIconOverlay
2021-11-21 20:18:30.5556|INFO|Connection_RequestReceived|Argument: GetIconOverlay
2021-11-21 20:18:30.5713|INFO|Connection_RequestReceived|Argument: GetIconOverlay
2021-11-21 20:18:30.6818|INFO|Connection_RequestReceived|Argument: GetIconOverlay
2021-11-21 20:18:30.6915|INFO|Connection_RequestReceived|Argument: GetIconOverlay
2021-11-21 20:18:30.6935|INFO|Connection_RequestReceived|Argument: GetIconOverlay
2021-11-21 20:18:30.7761|INFO|Connection_RequestReceived|Argument: GetIconOverlay
2021-11-21 20:18:30.7761|INFO|Connection_RequestReceived|Argument: GetIconOverlay
2021-11-21 20:18:30.7917|INFO|Connection_RequestReceived|Argument: GetIconOverlay
2021-11-21 20:18:30.8073|INFO|Connection_RequestReceived|Argument: GetIconOverlay
2021-11-21 20:18:30.9167|INFO|Connection_RequestReceived|Argument: GetIconOverlay
2021-11-21 20:18:30.9167|INFO|Connection_RequestReceived|Argument: GetIconOverlay
2021-11-21 20:18:30.9323|INFO|Connection_RequestReceived|Argument: GetIconOverlay
2021-11-21 20:18:30.9323|INFO|Connection_RequestReceived|Argument: GetIconOverlay
2021-11-21 20:18:30.9479|INFO|Connection_RequestReceived|Argument: GetIconOverlay
2021-11-21 20:18:30.9479|INFO|Connection_RequestReceived|Argument: GetIconOverlay
2021-11-21 20:18:45.6065|INFO|Connection_RequestReceived|Argument: GetIconOverlay
2021-11-21 20:18:45.6221|INFO|Connection_RequestReceived|Argument: GetIconOverlay
2021-11-21 20:18:45.6690|INFO|Connection_RequestReceived|Argument: GetIconOverlay
2021-11-21 20:18:45.6690|INFO|Connection_RequestReceived|Argument: GetIconOverlay
2021-11-21 20:18:45.6846|INFO|Connection_RequestReceived|Argument: GetIconOverlay
2021-11-21 20:18:45.6846|INFO|Connection_RequestReceived|Argument: GetIconOverlay
2021-11-21 20:18:45.7003|INFO|Connection_RequestReceived|Argument: GetIconOverlay
2021-11-21 20:18:45.7003|INFO|Connection_RequestReceived|Argument: GetIconOverlay
2021-11-21 20:18:45.7159|INFO|Connection_RequestReceived|Argument: GetIconOverlay
2021-11-21 20:18:45.7159|INFO|Connection_RequestReceived|Argument: GetIconOverlay
2021-11-21 20:18:45.7315|INFO|Connection_RequestReceived|Argument: GetIconOverlay
2021-11-21 20:18:45.7315|INFO|Connection_RequestReceived|Argument: GetIconOverlay
2021-11-21 20:18:45.8096|INFO|Connection_RequestReceived|Argument: GetIconOverlay
2021-11-21 20:18:45.8096|INFO|Connection_RequestReceived|Argument: GetIconOverlay
2021-11-21 20:18:45.8253|INFO|Connection_RequestReceived|Argument: GetIconOverlay
2021-11-21 20:18:45.8253|INFO|Connection_RequestReceived|Argument: GetIconOverlay
2021-11-21 20:18:45.8409|INFO|Connection_RequestReceived|Argument: GetIconOverlay
2021-11-21 20:18:45.8409|INFO|Connection_RequestReceived|Argument: GetIconOverlay
2021-11-21 20:18:45.8409|INFO|Connection_RequestReceived|Argument: GetIconOverlay
2021-11-21 20:18:45.8565|INFO|Connection_RequestReceived|Argument: GetIconOverlay
2021-11-21 20:18:45.9190|INFO|Connection_RequestReceived|Argument: GetIconOverlay
2021-11-21 20:18:45.9346|INFO|Connection_RequestReceived|Argument: GetIconOverlay
2021-11-21 20:18:45.9346|INFO|Connection_RequestReceived|Argument: GetIconOverlay
2021-11-21 20:18:45.9503|INFO|Connection_RequestReceived|Argument: GetIconOverlay
2021-11-21 20:18:45.9503|INFO|Connection_RequestReceived|Argument: GetIconOverlay
2021-11-21 20:18:45.9659|INFO|Connection_RequestReceived|Argument: GetIconOverlay
2021-11-21 20:18:45.9659|INFO|Connection_RequestReceived|Argument: GetIconOverlay
2021-11-21 20:18:46.0284|INFO|Connection_RequestReceived|Argument: GetIconOverlay
2021-11-21 20:18:46.0379|INFO|Connection_RequestReceived|Argument: GetIconOverlay
2021-11-21 20:18:46.1382|INFO|Connection_RequestReceived|Argument: GetIconOverlay
2021-11-21 20:18:46.1538|INFO|Connection_RequestReceived|Argument: GetIconOverlay
2021-11-21 20:18:46.1850|INFO|Connection_RequestReceived|Argument: GetIconOverlay
2021-11-21 20:18:46.2007|INFO|Connection_RequestReceived|Argument: GetIconOverlay
2021-11-21 20:18:46.2007|INFO|Connection_RequestReceived|Argument: GetIconOverlay
2021-11-21 20:18:46.2163|INFO|Connection_RequestReceived|Argument: GetIconOverlay
2021-11-21 20:18:46.2319|INFO|Connection_RequestReceived|Argument: GetIconOverlay
2021-11-21 20:18:46.3257|INFO|Connection_RequestReceived|Argument: GetIconOverlay
2021-11-21 20:18:46.3257|INFO|Connection_RequestReceived|Argument: GetIconOverlay
2021-11-21 20:18:46.3569|INFO|Connection_RequestReceived|Argument: GetIconOverlay
2021-11-21 20:18:46.3569|INFO|Connection_RequestReceived|Argument: GetIconOverlay
2021-11-21 20:18:47.9726|INFO|Connection_RequestReceived|Argument: FileOperation
2021-11-21 20:18:48.2226|INFO|Connection_RequestReceived|Argument: GetIconOverlay
2021-11-21 20:18:48.3949|INFO|Connection_RequestReceived|Argument: GetIconOverlay
2021-11-21 20:18:48.3949|INFO|Connection_RequestReceived|Argument: GetIconOverlay
2021-11-21 20:18:48.3949|INFO|Connection_RequestReceived|Argument: GetIconOverlay
2021-11-21 20:18:48.4105|INFO|Connection_RequestReceived|Argument: GetIconOverlay
2021-11-21 20:18:48.4105|INFO|Connection_RequestReceived|Argument: GetIconOverlay
2021-11-21 20:18:48.4105|INFO|Connection_RequestReceived|Argument: GetIconOverlay
2021-11-21 20:18:48.4105|INFO|Connection_RequestReceived|Argument: GetIconOverlay
2021-11-21 20:18:48.4261|INFO|Connection_RequestReceived|Argument: GetIconOverlay
2021-11-21 20:18:48.4261|INFO|Connection_RequestReceived|Argument: GetIconOverlay
2021-11-21 20:18:48.4418|INFO|Connection_RequestReceived|Argument: GetIconOverlay
2021-11-21 20:18:48.4418|INFO|Connection_RequestReceived|Argument: GetIconOverlay
2021-11-21 20:18:48.4418|INFO|Connection_RequestReceived|Argument: GetIconOverlay
2021-11-21 20:18:48.4574|INFO|Connection_RequestReceived|Argument: GetIconOverlay
2021-11-21 20:18:48.4574|INFO|Connection_RequestReceived|Argument: GetIconOverlay
2021-11-21 20:18:48.4574|INFO|Connection_RequestReceived|Argument: GetIconOverlay
2021-11-21 20:18:48.9105|INFO|Connection_RequestReceived|Argument: GetIconOverlay
2021-11-21 20:18:48.9730|INFO|Connection_RequestReceived|Argument: GetIconOverlay
2021-11-21 20:18:48.9730|INFO|Connection_RequestReceived|Argument: GetIconOverlay
2021-11-21 20:18:48.9886|INFO|Connection_RequestReceived|Argument: GetIconOverlay
2021-11-21 20:18:48.9886|INFO|Connection_RequestReceived|Argument: GetIconOverlay
2021-11-21 20:18:48.9886|INFO|Connection_RequestReceived|Argument: GetIconOverlay
2021-11-21 20:18:49.0043|INFO|Connection_RequestReceived|Argument: GetIconOverlay
2021-11-21 20:18:49.0043|INFO|Connection_RequestReceived|Argument: GetIconOverlay
2021-11-21 20:18:49.0043|INFO|Connection_RequestReceived|Argument: GetIconOverlay
2021-11-21 20:18:51.7795|INFO|Connection_RequestReceived|Argument: Terminate
2021-11-22 01:27:03.0326|INFO|Connection_RequestReceived|Argument: GetFileAssociation
2021-11-22 01:27:03.1166|INFO|Connection_RequestReceived|Argument: GetNewContextMenuEntries
2021-11-22 01:27:03.1986|INFO|Connection_RequestReceived|Argument: DetectCloudDrives
2021-11-22 01:27:03.8656|INFO|Connection_RequestReceived|Argument: NetworkDriveOperation
2021-11-22 01:27:03.8707|INFO|Connection_RequestReceived|Argument: ShellLibrary
2021-11-22 01:27:03.8826|INFO|Connection_RequestReceived|Argument: GetSelectedIconsFromDLL
2021-11-22 01:27:03.9136|INFO|Connection_RequestReceived|Argument: GetIconWithoutOverlay
2021-11-22 01:27:03.9336|INFO|Connection_RequestReceived|Argument: GetSelectedIconsFromDLL
2021-11-22 01:27:03.9366|INFO|Connection_RequestReceived|Argument: GetIconWithoutOverlay
2021-11-22 01:27:04.0866|INFO|Connection_RequestReceived|Argument: DetectQuickLook
2021-11-22 01:27:04.5877|INFO|CheckQuickLookAvailability|QuickLook detected: False
2021-11-22 01:33:14.4687|ERROR|UnhandledExceptionTrapper|Process with an Id of 17500 is not running.
	System.ArgumentException: Process with an Id of 17500 is not running.
   at System.Diagnostics.Process.GetProcessById(Int32 processId, String machineName)
   at FilesFullTrust.Program.HandleCommandLineArgs()
   at FilesFullTrust.Program.<Main>d__5.MoveNext()
--- End of stack trace from previous location where exception was thrown ---
   at System.Runtime.ExceptionServices.ExceptionDispatchInfo.Throw()
   at System.Runtime.CompilerServices.TaskAwaiter.HandleNonSuccessAndDebuggerNotification(Task task)
   at FilesFullTrust.Program.<Main>(String[] args)